d:\vs project\lab1\lab1\debug\vc142.pdb
d:\vs project\lab1\lab1\debug\vc142.idb
d:\vs project\lab1\lab1\debug\readfile.obj
d:\vs project\lab1\lab1\debug\math.obj
d:\vs project\lab1\lab1\debug\main.obj
d:\vs project\lab1\lab1\debug\perlinnoise.obj
d:\vs project\lab1\debug\lab1.exe
d:\vs project\lab1\debug\lab1.ilk
d:\vs project\lab1\debug\lab1.pdb
d:\vs project\lab1\lab1\debug\try.obj
d:\vs project\lab1\lab1\debug\main.obj.enc
d:\vs project\lab1\lab1\debug\vc120.idb
d:\vs project\lab1\lab1\debug\vc120.pdb
d:\vs project\lab1\lab1\debug\lab1.tlog\cl.command.1.tlog
d:\vs project\lab1\lab1\debug\lab1.tlog\cl.read.1.tlog
d:\vs project\lab1\lab1\debug\lab1.tlog\cl.write.1.tlog
d:\vs project\lab1\lab1\debug\lab1.tlog\link-cvtres.read.1.tlog
d:\vs project\lab1\lab1\debug\lab1.tlog\link-cvtres.write.1.tlog
d:\vs project\lab1\lab1\debug\lab1.tlog\link-rc.read.1.tlog
d:\vs project\lab1\lab1\debug\lab1.tlog\link-rc.write.1.tlog
d:\vs project\lab1\lab1\debug\lab1.tlog\link.14784-cvtres.read.1.tlog
d:\vs project\lab1\lab1\debug\lab1.tlog\link.14784-cvtres.write.1.tlog
d:\vs project\lab1\lab1\debug\lab1.tlog\link.14784-rc.read.1.tlog
d:\vs project\lab1\lab1\debug\lab1.tlog\link.14784-rc.write.1.tlog
d:\vs project\lab1\lab1\debug\lab1.tlog\link.14784.read.1.tlog
d:\vs project\lab1\lab1\debug\lab1.tlog\link.14784.write.1.tlog
d:\vs project\lab1\lab1\debug\lab1.tlog\link.command.1.tlog
d:\vs project\lab1\lab1\debug\lab1.tlog\link.delete.1.tlog
d:\vs project\lab1\lab1\debug\lab1.tlog\link.read.1.tlog
d:\vs project\lab1\lab1\debug\lab1.tlog\link.write.1.tlog
